2015-04-12 14:23:54,275 - SimpleLog4JLogSystem initialized using logfile 'velocity.log'
2015-04-12 14:23:54,275 - ************************************************************** 
2015-04-12 14:23:54,275 - Starting Jakarta Velocity v1.4
2015-04-12 14:23:54,275 - RuntimeInstance initializing.
2015-04-12 14:23:54,275 - Default Properties File: org\apache\velocity\runtime\defaults\velocity.properties
2015-04-12 14:23:54,275 - Trying to use logger class org.apache.velocity.runtime.log.SimpleLog4JLogSystem
2015-04-12 14:23:54,275 - Using logger class org.apache.velocity.runtime.log.SimpleLog4JLogSystem
2015-04-12 14:23:54,290 - Default ResourceManager initializing. (class org.apache.velocity.runtime.resource.ResourceManagerImpl)
2015-04-12 14:23:54,306 - Resource Loader Instantiated: org.apache.velocity.runtime.resource.loader.ClasspathResourceLoader
2015-04-12 14:23:54,306 - ClasspathResourceLoader : initialization starting.
2015-04-12 14:23:54,306 - ClasspathResourceLoader : initialization complete.
2015-04-12 14:23:54,306 - ResourceCache : initialized. (class org.apache.velocity.runtime.resource.ResourceCacheImpl)
2015-04-12 14:23:54,306 - Default ResourceManager initialization complete.
2015-04-12 14:23:54,321 - Loaded System Directive: org.apache.velocity.runtime.directive.Literal
2015-04-12 14:23:54,321 - Loaded System Directive: org.apache.velocity.runtime.directive.Macro
2015-04-12 14:23:54,337 - Loaded System Directive: org.apache.velocity.runtime.directive.Parse
2015-04-12 14:23:54,353 - Loaded System Directive: org.apache.velocity.runtime.directive.Include
2015-04-12 14:23:54,368 - Loaded System Directive: org.apache.velocity.runtime.directive.Foreach
2015-04-12 14:23:54,431 - Created: 20 parsers.
2015-04-12 14:23:54,462 - Velocimacro : initialization starting.
2015-04-12 14:23:54,462 - Velocimacro : adding VMs from VM library template : VM_global_library.vm
2015-04-12 14:23:54,478 - ResourceManager : unable to find resource 'VM_global_library.vm' in any resource loader.
2015-04-12 14:23:54,478 - Velocimacro : error using  VM library template VM_global_library.vm : org.apache.velocity.exception.ResourceNotFoundException: Unable to find resource 'VM_global_library.vm'
2015-04-12 14:23:54,478 - Velocimacro :  VM library template macro registration complete.
2015-04-12 14:23:54,478 - Velocimacro : allowInline = true : VMs can be defined inline in templates
2015-04-12 14:23:54,478 - Velocimacro : allowInlineToOverride = false : VMs defined inline may NOT replace previous VM definitions
2015-04-12 14:23:54,478 - Velocimacro : allowInlineLocal = false : VMs defined inline will be  global in scope if allowed.
2015-04-12 14:23:54,478 - Velocimacro : messages on  : VM system will output logging messages
2015-04-12 14:23:54,478 - Velocimacro : autoload off  : VM system will not automatically reload global library macros
2015-04-12 14:23:54,478 - Velocimacro : initialization complete.
2015-04-12 14:23:54,478 - Velocity successfully started.
2015-04-12 14:30:32,775 - SimpleLog4JLogSystem initialized using logfile 'velocity.log'
2015-04-12 14:30:32,775 - ************************************************************** 
2015-04-12 14:30:32,775 - Starting Jakarta Velocity v1.4
2015-04-12 14:30:32,775 - RuntimeInstance initializing.
2015-04-12 14:30:32,775 - Default Properties File: org\apache\velocity\runtime\defaults\velocity.properties
2015-04-12 14:30:32,775 - Trying to use logger class org.apache.velocity.runtime.log.SimpleLog4JLogSystem
2015-04-12 14:30:32,775 - Using logger class org.apache.velocity.runtime.log.SimpleLog4JLogSystem
2015-04-12 14:30:32,775 - Default ResourceManager initializing. (class org.apache.velocity.runtime.resource.ResourceManagerImpl)
2015-04-12 14:30:32,790 - Resource Loader Instantiated: org.apache.velocity.runtime.resource.loader.ClasspathResourceLoader
2015-04-12 14:30:32,790 - ClasspathResourceLoader : initialization starting.
2015-04-12 14:30:32,790 - ClasspathResourceLoader : initialization complete.
2015-04-12 14:30:32,790 - ResourceCache : initialized. (class org.apache.velocity.runtime.resource.ResourceCacheImpl)
2015-04-12 14:30:32,790 - Default ResourceManager initialization complete.
2015-04-12 14:30:32,806 - Loaded System Directive: org.apache.velocity.runtime.directive.Literal
2015-04-12 14:30:32,806 - Loaded System Directive: org.apache.velocity.runtime.directive.Macro
2015-04-12 14:30:32,822 - Loaded System Directive: org.apache.velocity.runtime.directive.Parse
2015-04-12 14:30:32,837 - Loaded System Directive: org.apache.velocity.runtime.directive.Include
2015-04-12 14:30:32,837 - Loaded System Directive: org.apache.velocity.runtime.directive.Foreach
2015-04-12 14:30:32,900 - Created: 20 parsers.
2015-04-12 14:30:32,931 - Velocimacro : initialization starting.
2015-04-12 14:30:32,931 - Velocimacro : adding VMs from VM library template : VM_global_library.vm
2015-04-12 14:30:32,947 - ResourceManager : unable to find resource 'VM_global_library.vm' in any resource loader.
2015-04-12 14:30:32,947 - Velocimacro : error using  VM library template VM_global_library.vm : org.apache.velocity.exception.ResourceNotFoundException: Unable to find resource 'VM_global_library.vm'
2015-04-12 14:30:32,947 - Velocimacro :  VM library template macro registration complete.
2015-04-12 14:30:32,947 - Velocimacro : allowInline = true : VMs can be defined inline in templates
2015-04-12 14:30:32,947 - Velocimacro : allowInlineToOverride = false : VMs defined inline may NOT replace previous VM definitions
2015-04-12 14:30:32,947 - Velocimacro : allowInlineLocal = false : VMs defined inline will be  global in scope if allowed.
2015-04-12 14:30:32,947 - Velocimacro : messages on  : VM system will output logging messages
2015-04-12 14:30:32,947 - Velocimacro : autoload off  : VM system will not automatically reload global library macros
2015-04-12 14:30:32,947 - Velocimacro : initialization complete.
2015-04-12 14:30:32,947 - Velocity successfully started.
2015-04-12 14:34:07,085 - SimpleLog4JLogSystem initialized using logfile 'velocity.log'
2015-04-12 14:34:07,085 - ************************************************************** 
2015-04-12 14:34:07,085 - Starting Jakarta Velocity v1.4
2015-04-12 14:34:07,085 - RuntimeInstance initializing.
2015-04-12 14:34:07,085 - Default Properties File: org\apache\velocity\runtime\defaults\velocity.properties
2015-04-12 14:34:07,085 - Trying to use logger class org.apache.velocity.runtime.log.SimpleLog4JLogSystem
2015-04-12 14:34:07,085 - Using logger class org.apache.velocity.runtime.log.SimpleLog4JLogSystem
2015-04-12 14:34:07,085 - Default ResourceManager initializing. (class org.apache.velocity.runtime.resource.ResourceManagerImpl)
2015-04-12 14:34:07,085 - Resource Loader Instantiated: org.apache.velocity.runtime.resource.loader.ClasspathResourceLoader
2015-04-12 14:34:07,085 - ClasspathResourceLoader : initialization starting.
2015-04-12 14:34:07,085 - ClasspathResourceLoader : initialization complete.
2015-04-12 14:34:07,085 - ResourceCache : initialized. (class org.apache.velocity.runtime.resource.ResourceCacheImpl)
2015-04-12 14:34:07,085 - Default ResourceManager initialization complete.
2015-04-12 14:34:07,100 - Loaded System Directive: org.apache.velocity.runtime.directive.Literal
2015-04-12 14:34:07,100 - Loaded System Directive: org.apache.velocity.runtime.directive.Macro
2015-04-12 14:34:07,100 - Loaded System Directive: org.apache.velocity.runtime.directive.Parse
2015-04-12 14:34:07,100 - Loaded System Directive: org.apache.velocity.runtime.directive.Include
2015-04-12 14:34:07,100 - Loaded System Directive: org.apache.velocity.runtime.directive.Foreach
2015-04-12 14:34:07,132 - Created: 20 parsers.
2015-04-12 14:34:07,147 - Velocimacro : initialization starting.
2015-04-12 14:34:07,147 - Velocimacro : adding VMs from VM library template : VM_global_library.vm
2015-04-12 14:34:07,147 - ResourceManager : unable to find resource 'VM_global_library.vm' in any resource loader.
2015-04-12 14:34:07,147 - Velocimacro : error using  VM library template VM_global_library.vm : org.apache.velocity.exception.ResourceNotFoundException: Unable to find resource 'VM_global_library.vm'
2015-04-12 14:34:07,147 - Velocimacro :  VM library template macro registration complete.
2015-04-12 14:34:07,163 - Velocimacro : allowInline = true : VMs can be defined inline in templates
2015-04-12 14:34:07,163 - Velocimacro : allowInlineToOverride = false : VMs defined inline may NOT replace previous VM definitions
2015-04-12 14:34:07,163 - Velocimacro : allowInlineLocal = false : VMs defined inline will be  global in scope if allowed.
2015-04-12 14:34:07,163 - Velocimacro : messages on  : VM system will output logging messages
2015-04-12 14:34:07,163 - Velocimacro : autoload off  : VM system will not automatically reload global library macros
2015-04-12 14:34:07,163 - Velocimacro : initialization complete.
2015-04-12 14:34:07,163 - Velocity successfully started.
2015-04-12 14:50:08,566 - SimpleLog4JLogSystem initialized using logfile 'velocity.log'
2015-04-12 14:50:08,566 - ************************************************************** 
2015-04-12 14:50:08,566 - Starting Jakarta Velocity v1.4
2015-04-12 14:50:08,566 - RuntimeInstance initializing.
2015-04-12 14:50:08,566 - Default Properties File: org\apache\velocity\runtime\defaults\velocity.properties
2015-04-12 14:50:08,566 - Trying to use logger class org.apache.velocity.runtime.log.SimpleLog4JLogSystem
2015-04-12 14:50:08,566 - Using logger class org.apache.velocity.runtime.log.SimpleLog4JLogSystem
2015-04-12 14:50:08,582 - Default ResourceManager initializing. (class org.apache.velocity.runtime.resource.ResourceManagerImpl)
2015-04-12 14:50:08,582 - Resource Loader Instantiated: org.apache.velocity.runtime.resource.loader.ClasspathResourceLoader
2015-04-12 14:50:08,582 - ClasspathResourceLoader : initialization starting.
2015-04-12 14:50:08,582 - ClasspathResourceLoader : initialization complete.
2015-04-12 14:50:08,597 - ResourceCache : initialized. (class org.apache.velocity.runtime.resource.ResourceCacheImpl)
2015-04-12 14:50:08,597 - Default ResourceManager initialization complete.
2015-04-12 14:50:08,597 - Loaded System Directive: org.apache.velocity.runtime.directive.Literal
2015-04-12 14:50:08,613 - Loaded System Directive: org.apache.velocity.runtime.directive.Macro
2015-04-12 14:50:08,635 - Loaded System Directive: org.apache.velocity.runtime.directive.Parse
2015-04-12 14:50:08,643 - Loaded System Directive: org.apache.velocity.runtime.directive.Include
2015-04-12 14:50:08,643 - Loaded System Directive: org.apache.velocity.runtime.directive.Foreach
2015-04-12 14:50:08,705 - Created: 20 parsers.
2015-04-12 14:50:08,736 - Velocimacro : initialization starting.
2015-04-12 14:50:08,736 - Velocimacro : adding VMs from VM library template : VM_global_library.vm
2015-04-12 14:50:08,752 - ResourceManager : unable to find resource 'VM_global_library.vm' in any resource loader.
2015-04-12 14:50:08,752 - Velocimacro : error using  VM library template VM_global_library.vm : org.apache.velocity.exception.ResourceNotFoundException: Unable to find resource 'VM_global_library.vm'
2015-04-12 14:50:08,752 - Velocimacro :  VM library template macro registration complete.
2015-04-12 14:50:08,752 - Velocimacro : allowInline = true : VMs can be defined inline in templates
2015-04-12 14:50:08,752 - Velocimacro : allowInlineToOverride = false : VMs defined inline may NOT replace previous VM definitions
2015-04-12 14:50:08,752 - Velocimacro : allowInlineLocal = false : VMs defined inline will be  global in scope if allowed.
2015-04-12 14:50:08,752 - Velocimacro : messages on  : VM system will output logging messages
2015-04-12 14:50:08,752 - Velocimacro : autoload off  : VM system will not automatically reload global library macros
2015-04-12 14:50:08,752 - Velocimacro : initialization complete.
2015-04-12 14:50:08,752 - Velocity successfully started.
2015-04-12 14:56:19,711 - SimpleLog4JLogSystem initialized using logfile 'velocity.log'
2015-04-12 14:56:19,711 - ************************************************************** 
2015-04-12 14:56:19,711 - Starting Jakarta Velocity v1.4
2015-04-12 14:56:19,711 - RuntimeInstance initializing.
2015-04-12 14:56:19,711 - Default Properties File: org\apache\velocity\runtime\defaults\velocity.properties
2015-04-12 14:56:19,711 - Trying to use logger class org.apache.velocity.runtime.log.SimpleLog4JLogSystem
2015-04-12 14:56:19,727 - Using logger class org.apache.velocity.runtime.log.SimpleLog4JLogSystem
2015-04-12 14:56:19,727 - Default ResourceManager initializing. (class org.apache.velocity.runtime.resource.ResourceManagerImpl)
2015-04-12 14:56:19,727 - Resource Loader Instantiated: org.apache.velocity.runtime.resource.loader.ClasspathResourceLoader
2015-04-12 14:56:19,727 - ClasspathResourceLoader : initialization starting.
2015-04-12 14:56:19,727 - ClasspathResourceLoader : initialization complete.
2015-04-12 14:56:19,727 - ResourceCache : initialized. (class org.apache.velocity.runtime.resource.ResourceCacheImpl)
2015-04-12 14:56:19,727 - Default ResourceManager initialization complete.
2015-04-12 14:56:19,742 - Loaded System Directive: org.apache.velocity.runtime.directive.Literal
2015-04-12 14:56:19,742 - Loaded System Directive: org.apache.velocity.runtime.directive.Macro
2015-04-12 14:56:19,742 - Loaded System Directive: org.apache.velocity.runtime.directive.Parse
2015-04-12 14:56:19,742 - Loaded System Directive: org.apache.velocity.runtime.directive.Include
2015-04-12 14:56:19,742 - Loaded System Directive: org.apache.velocity.runtime.directive.Foreach
2015-04-12 14:56:19,774 - Created: 20 parsers.
2015-04-12 14:56:19,789 - Velocimacro : initialization starting.
2015-04-12 14:56:19,789 - Velocimacro : adding VMs from VM library template : VM_global_library.vm
2015-04-12 14:56:19,805 - ResourceManager : unable to find resource 'VM_global_library.vm' in any resource loader.
2015-04-12 14:56:19,805 - Velocimacro : error using  VM library template VM_global_library.vm : org.apache.velocity.exception.ResourceNotFoundException: Unable to find resource 'VM_global_library.vm'
2015-04-12 14:56:19,805 - Velocimacro :  VM library template macro registration complete.
2015-04-12 14:56:19,805 - Velocimacro : allowInline = true : VMs can be defined inline in templates
2015-04-12 14:56:19,805 - Velocimacro : allowInlineToOverride = false : VMs defined inline may NOT replace previous VM definitions
2015-04-12 14:56:19,805 - Velocimacro : allowInlineLocal = false : VMs defined inline will be  global in scope if allowed.
2015-04-12 14:56:19,805 - Velocimacro : messages on  : VM system will output logging messages
2015-04-12 14:56:19,805 - Velocimacro : autoload off  : VM system will not automatically reload global library macros
2015-04-12 14:56:19,805 - Velocimacro : initialization complete.
2015-04-12 14:56:19,805 - Velocity successfully started.
2015-04-12 15:00:15,265 - SimpleLog4JLogSystem initialized using logfile 'velocity.log'
2015-04-12 15:00:15,265 - ************************************************************** 
2015-04-12 15:00:15,265 - Starting Jakarta Velocity v1.4
2015-04-12 15:00:15,265 - RuntimeInstance initializing.
2015-04-12 15:00:15,265 - Default Properties File: org\apache\velocity\runtime\defaults\velocity.properties
2015-04-12 15:00:15,265 - Trying to use logger class org.apache.velocity.runtime.log.SimpleLog4JLogSystem
2015-04-12 15:00:15,265 - Using logger class org.apache.velocity.runtime.log.SimpleLog4JLogSystem
2015-04-12 15:00:15,265 - Default ResourceManager initializing. (class org.apache.velocity.runtime.resource.ResourceManagerImpl)
2015-04-12 15:00:15,265 - Resource Loader Instantiated: org.apache.velocity.runtime.resource.loader.ClasspathResourceLoader
2015-04-12 15:00:15,265 - ClasspathResourceLoader : initialization starting.
2015-04-12 15:00:15,265 - ClasspathResourceLoader : initialization complete.
2015-04-12 15:00:15,265 - ResourceCache : initialized. (class org.apache.velocity.runtime.resource.ResourceCacheImpl)
2015-04-12 15:00:15,265 - Default ResourceManager initialization complete.
2015-04-12 15:00:15,281 - Loaded System Directive: org.apache.velocity.runtime.directive.Literal
2015-04-12 15:00:15,281 - Loaded System Directive: org.apache.velocity.runtime.directive.Macro
2015-04-12 15:00:15,281 - Loaded System Directive: org.apache.velocity.runtime.directive.Parse
2015-04-12 15:00:15,281 - Loaded System Directive: org.apache.velocity.runtime.directive.Include
2015-04-12 15:00:15,281 - Loaded System Directive: org.apache.velocity.runtime.directive.Foreach
2015-04-12 15:00:15,312 - Created: 20 parsers.
2015-04-12 15:00:15,327 - Velocimacro : initialization starting.
2015-04-12 15:00:15,327 - Velocimacro : adding VMs from VM library template : VM_global_library.vm
2015-04-12 15:00:15,327 - ResourceManager : unable to find resource 'VM_global_library.vm' in any resource loader.
2015-04-12 15:00:15,327 - Velocimacro : error using  VM library template VM_global_library.vm : org.apache.velocity.exception.ResourceNotFoundException: Unable to find resource 'VM_global_library.vm'
2015-04-12 15:00:15,327 - Velocimacro :  VM library template macro registration complete.
2015-04-12 15:00:15,327 - Velocimacro : allowInline = true : VMs can be defined inline in templates
2015-04-12 15:00:15,327 - Velocimacro : allowInlineToOverride = false : VMs defined inline may NOT replace previous VM definitions
2015-04-12 15:00:15,327 - Velocimacro : allowInlineLocal = false : VMs defined inline will be  global in scope if allowed.
2015-04-12 15:00:15,327 - Velocimacro : messages on  : VM system will output logging messages
2015-04-12 15:00:15,327 - Velocimacro : autoload off  : VM system will not automatically reload global library macros
2015-04-12 15:00:15,327 - Velocimacro : initialization complete.
2015-04-12 15:00:15,327 - Velocity successfully started.
2015-04-12 15:06:04,396 - SimpleLog4JLogSystem initialized using logfile 'velocity.log'
2015-04-12 15:06:04,396 - ************************************************************** 
2015-04-12 15:06:04,396 - Starting Jakarta Velocity v1.4
2015-04-12 15:06:04,396 - RuntimeInstance initializing.
2015-04-12 15:06:04,396 - Default Properties File: org\apache\velocity\runtime\defaults\velocity.properties
2015-04-12 15:06:04,396 - Trying to use logger class org.apache.velocity.runtime.log.SimpleLog4JLogSystem
2015-04-12 15:06:04,396 - Using logger class org.apache.velocity.runtime.log.SimpleLog4JLogSystem
2015-04-12 15:06:04,412 - Default ResourceManager initializing. (class org.apache.velocity.runtime.resource.ResourceManagerImpl)
2015-04-12 15:06:04,428 - Resource Loader Instantiated: org.apache.velocity.runtime.resource.loader.ClasspathResourceLoader
2015-04-12 15:06:04,428 - ClasspathResourceLoader : initialization starting.
2015-04-12 15:06:04,428 - ClasspathResourceLoader : initialization complete.
2015-04-12 15:06:04,428 - ResourceCache : initialized. (class org.apache.velocity.runtime.resource.ResourceCacheImpl)
2015-04-12 15:06:04,428 - Default ResourceManager initialization complete.
2015-04-12 15:06:04,443 - Loaded System Directive: org.apache.velocity.runtime.directive.Literal
2015-04-12 15:06:04,443 - Loaded System Directive: org.apache.velocity.runtime.directive.Macro
2015-04-12 15:06:04,459 - Loaded System Directive: org.apache.velocity.runtime.directive.Parse
2015-04-12 15:06:04,459 - Loaded System Directive: org.apache.velocity.runtime.directive.Include
2015-04-12 15:06:04,475 - Loaded System Directive: org.apache.velocity.runtime.directive.Foreach
2015-04-12 15:06:04,537 - Created: 20 parsers.
2015-04-12 15:06:04,568 - Velocimacro : initialization starting.
2015-04-12 15:06:04,568 - Velocimacro : adding VMs from VM library template : VM_global_library.vm
2015-04-12 15:06:04,584 - ResourceManager : unable to find resource 'VM_global_library.vm' in any resource loader.
2015-04-12 15:06:04,584 - Velocimacro : error using  VM library template VM_global_library.vm : org.apache.velocity.exception.ResourceNotFoundException: Unable to find resource 'VM_global_library.vm'
2015-04-12 15:06:04,584 - Velocimacro :  VM library template macro registration complete.
2015-04-12 15:06:04,584 - Velocimacro : allowInline = true : VMs can be defined inline in templates
2015-04-12 15:06:04,584 - Velocimacro : allowInlineToOverride = false : VMs defined inline may NOT replace previous VM definitions
2015-04-12 15:06:04,584 - Velocimacro : allowInlineLocal = false : VMs defined inline will be  global in scope if allowed.
2015-04-12 15:06:04,584 - Velocimacro : messages on  : VM system will output logging messages
2015-04-12 15:06:04,584 - Velocimacro : autoload off  : VM system will not automatically reload global library macros
2015-04-12 15:06:04,584 - Velocimacro : initialization complete.
2015-04-12 15:06:04,584 - Velocity successfully started.
2015-04-12 15:06:59,647 - SimpleLog4JLogSystem initialized using logfile 'velocity.log'
2015-04-12 15:06:59,647 - ************************************************************** 
2015-04-12 15:06:59,647 - Starting Jakarta Velocity v1.4
2015-04-12 15:06:59,647 - RuntimeInstance initializing.
2015-04-12 15:06:59,647 - Default Properties File: org\apache\velocity\runtime\defaults\velocity.properties
2015-04-12 15:06:59,647 - Trying to use logger class org.apache.velocity.runtime.log.SimpleLog4JLogSystem
2015-04-12 15:06:59,647 - Using logger class org.apache.velocity.runtime.log.SimpleLog4JLogSystem
2015-04-12 15:06:59,663 - Default ResourceManager initializing. (class org.apache.velocity.runtime.resource.ResourceManagerImpl)
2015-04-12 15:06:59,679 - Resource Loader Instantiated: org.apache.velocity.runtime.resource.loader.ClasspathResourceLoader
2015-04-12 15:06:59,679 - ClasspathResourceLoader : initialization starting.
2015-04-12 15:06:59,679 - ClasspathResourceLoader : initialization complete.
2015-04-12 15:06:59,679 - ResourceCache : initialized. (class org.apache.velocity.runtime.resource.ResourceCacheImpl)
2015-04-12 15:06:59,679 - Default ResourceManager initialization complete.
2015-04-12 15:06:59,694 - Loaded System Directive: org.apache.velocity.runtime.directive.Literal
2015-04-12 15:06:59,694 - Loaded System Directive: org.apache.velocity.runtime.directive.Macro
2015-04-12 15:06:59,710 - Loaded System Directive: org.apache.velocity.runtime.directive.Parse
2015-04-12 15:06:59,710 - Loaded System Directive: org.apache.velocity.runtime.directive.Include
2015-04-12 15:06:59,729 - Loaded System Directive: org.apache.velocity.runtime.directive.Foreach
2015-04-12 15:06:59,784 - Created: 20 parsers.
2015-04-12 15:06:59,815 - Velocimacro : initialization starting.
2015-04-12 15:06:59,815 - Velocimacro : adding VMs from VM library template : VM_global_library.vm
2015-04-12 15:06:59,831 - ResourceManager : unable to find resource 'VM_global_library.vm' in any resource loader.
2015-04-12 15:06:59,831 - Velocimacro : error using  VM library template VM_global_library.vm : org.apache.velocity.exception.ResourceNotFoundException: Unable to find resource 'VM_global_library.vm'
2015-04-12 15:06:59,831 - Velocimacro :  VM library template macro registration complete.
2015-04-12 15:06:59,831 - Velocimacro : allowInline = true : VMs can be defined inline in templates
2015-04-12 15:06:59,831 - Velocimacro : allowInlineToOverride = false : VMs defined inline may NOT replace previous VM definitions
2015-04-12 15:06:59,831 - Velocimacro : allowInlineLocal = false : VMs defined inline will be  global in scope if allowed.
2015-04-12 15:06:59,831 - Velocimacro : messages on  : VM system will output logging messages
2015-04-12 15:06:59,831 - Velocimacro : autoload off  : VM system will not automatically reload global library macros
2015-04-12 15:06:59,831 - Velocimacro : initialization complete.
2015-04-12 15:06:59,831 - Velocity successfully started.
2015-04-12 15:08:48,840 - SimpleLog4JLogSystem initialized using logfile 'velocity.log'
2015-04-12 15:08:48,840 - ************************************************************** 
2015-04-12 15:08:48,840 - Starting Jakarta Velocity v1.4
2015-04-12 15:08:48,840 - RuntimeInstance initializing.
2015-04-12 15:08:48,840 - Default Properties File: org\apache\velocity\runtime\defaults\velocity.properties
2015-04-12 15:08:48,840 - Trying to use logger class org.apache.velocity.runtime.log.SimpleLog4JLogSystem
2015-04-12 15:08:48,840 - Using logger class org.apache.velocity.runtime.log.SimpleLog4JLogSystem
2015-04-12 15:08:48,840 - Default ResourceManager initializing. (class org.apache.velocity.runtime.resource.ResourceManagerImpl)
2015-04-12 15:08:48,855 - Resource Loader Instantiated: org.apache.velocity.runtime.resource.loader.ClasspathResourceLoader
2015-04-12 15:08:48,855 - ClasspathResourceLoader : initialization starting.
2015-04-12 15:08:48,855 - ClasspathResourceLoader : initialization complete.
2015-04-12 15:08:48,855 - ResourceCache : initialized. (class org.apache.velocity.runtime.resource.ResourceCacheImpl)
2015-04-12 15:08:48,855 - Default ResourceManager initialization complete.
2015-04-12 15:08:48,871 - Loaded System Directive: org.apache.velocity.runtime.directive.Literal
2015-04-12 15:08:48,871 - Loaded System Directive: org.apache.velocity.runtime.directive.Macro
2015-04-12 15:08:48,887 - Loaded System Directive: org.apache.velocity.runtime.directive.Parse
2015-04-12 15:08:48,902 - Loaded System Directive: org.apache.velocity.runtime.directive.Include
2015-04-12 15:08:48,902 - Loaded System Directive: org.apache.velocity.runtime.directive.Foreach
2015-04-12 15:08:48,965 - Created: 20 parsers.
2015-04-12 15:08:48,996 - Velocimacro : initialization starting.
2015-04-12 15:08:48,996 - Velocimacro : adding VMs from VM library template : VM_global_library.vm
2015-04-12 15:08:49,012 - ResourceManager : unable to find resource 'VM_global_library.vm' in any resource loader.
2015-04-12 15:08:49,012 - Velocimacro : error using  VM library template VM_global_library.vm : org.apache.velocity.exception.ResourceNotFoundException: Unable to find resource 'VM_global_library.vm'
2015-04-12 15:08:49,012 - Velocimacro :  VM library template macro registration complete.
2015-04-12 15:08:49,012 - Velocimacro : allowInline = true : VMs can be defined inline in templates
2015-04-12 15:08:49,012 - Velocimacro : allowInlineToOverride = false : VMs defined inline may NOT replace previous VM definitions
2015-04-12 15:08:49,012 - Velocimacro : allowInlineLocal = false : VMs defined inline will be  global in scope if allowed.
2015-04-12 15:08:49,012 - Velocimacro : messages on  : VM system will output logging messages
2015-04-12 15:08:49,012 - Velocimacro : autoload off  : VM system will not automatically reload global library macros
2015-04-12 15:08:49,012 - Velocimacro : initialization complete.
2015-04-12 15:08:49,012 - Velocity successfully started.
2015-04-12 15:18:06,287 - SimpleLog4JLogSystem initialized using logfile 'velocity.log'
2015-04-12 15:18:06,287 - ************************************************************** 
2015-04-12 15:18:06,287 - Starting Jakarta Velocity v1.4
2015-04-12 15:18:06,287 - RuntimeInstance initializing.
2015-04-12 15:18:06,287 - Default Properties File: org\apache\velocity\runtime\defaults\velocity.properties
2015-04-12 15:18:06,287 - Trying to use logger class org.apache.velocity.runtime.log.SimpleLog4JLogSystem
2015-04-12 15:18:06,287 - Using logger class org.apache.velocity.runtime.log.SimpleLog4JLogSystem
2015-04-12 15:18:06,287 - Default ResourceManager initializing. (class org.apache.velocity.runtime.resource.ResourceManagerImpl)
2015-04-12 15:18:06,303 - Resource Loader Instantiated: org.apache.velocity.runtime.resource.loader.ClasspathResourceLoader
2015-04-12 15:18:06,303 - ClasspathResourceLoader : initialization starting.
2015-04-12 15:18:06,303 - ClasspathResourceLoader : initialization complete.
2015-04-12 15:18:06,303 - ResourceCache : initialized. (class org.apache.velocity.runtime.resource.ResourceCacheImpl)
2015-04-12 15:18:06,303 - Default ResourceManager initialization complete.
2015-04-12 15:18:06,303 - Loaded System Directive: org.apache.velocity.runtime.directive.Literal
2015-04-12 15:18:06,303 - Loaded System Directive: org.apache.velocity.runtime.directive.Macro
2015-04-12 15:18:06,303 - Loaded System Directive: org.apache.velocity.runtime.directive.Parse
2015-04-12 15:18:06,318 - Loaded System Directive: org.apache.velocity.runtime.directive.Include
2015-04-12 15:18:06,318 - Loaded System Directive: org.apache.velocity.runtime.directive.Foreach
2015-04-12 15:18:06,334 - Created: 20 parsers.
2015-04-12 15:18:06,350 - Velocimacro : initialization starting.
2015-04-12 15:18:06,350 - Velocimacro : adding VMs from VM library template : VM_global_library.vm
2015-04-12 15:18:06,365 - ResourceManager : unable to find resource 'VM_global_library.vm' in any resource loader.
2015-04-12 15:18:06,365 - Velocimacro : error using  VM library template VM_global_library.vm : org.apache.velocity.exception.ResourceNotFoundException: Unable to find resource 'VM_global_library.vm'
2015-04-12 15:18:06,365 - Velocimacro :  VM library template macro registration complete.
2015-04-12 15:18:06,365 - Velocimacro : allowInline = true : VMs can be defined inline in templates
2015-04-12 15:18:06,365 - Velocimacro : allowInlineToOverride = false : VMs defined inline may NOT replace previous VM definitions
2015-04-12 15:18:06,365 - Velocimacro : allowInlineLocal = false : VMs defined inline will be  global in scope if allowed.
2015-04-12 15:18:06,365 - Velocimacro : messages on  : VM system will output logging messages
2015-04-12 15:18:06,365 - Velocimacro : autoload off  : VM system will not automatically reload global library macros
2015-04-12 15:18:06,365 - Velocimacro : initialization complete.
2015-04-12 15:18:06,365 - Velocity successfully started.
2015-04-12 15:19:04,712 - ResourceManager : found repast/simphony/scenario/Scenario.vt with loader org.apache.velocity.runtime.resource.loader.ClasspathResourceLoader
2015-04-12 15:19:14,117 - SimpleLog4JLogSystem initialized using logfile 'velocity.log'
2015-04-12 15:19:14,117 - ************************************************************** 
2015-04-12 15:19:14,117 - Starting Jakarta Velocity v1.4
2015-04-12 15:19:14,117 - RuntimeInstance initializing.
2015-04-12 15:19:14,117 - Default Properties File: org\apache\velocity\runtime\defaults\velocity.properties
2015-04-12 15:19:14,117 - Trying to use logger class org.apache.velocity.runtime.log.SimpleLog4JLogSystem
2015-04-12 15:19:14,117 - Using logger class org.apache.velocity.runtime.log.SimpleLog4JLogSystem
2015-04-12 15:19:14,117 - Default ResourceManager initializing. (class org.apache.velocity.runtime.resource.ResourceManagerImpl)
2015-04-12 15:19:14,117 - Resource Loader Instantiated: org.apache.velocity.runtime.resource.loader.ClasspathResourceLoader
2015-04-12 15:19:14,117 - ClasspathResourceLoader : initialization starting.
2015-04-12 15:19:14,117 - ClasspathResourceLoader : initialization complete.
2015-04-12 15:19:14,117 - ResourceCache : initialized. (class org.apache.velocity.runtime.resource.ResourceCacheImpl)
2015-04-12 15:19:14,117 - Default ResourceManager initialization complete.
2015-04-12 15:19:14,133 - Loaded System Directive: org.apache.velocity.runtime.directive.Literal
2015-04-12 15:19:14,133 - Loaded System Directive: org.apache.velocity.runtime.directive.Macro
2015-04-12 15:19:14,133 - Loaded System Directive: org.apache.velocity.runtime.directive.Parse
2015-04-12 15:19:14,133 - Loaded System Directive: org.apache.velocity.runtime.directive.Include
2015-04-12 15:19:14,133 - Loaded System Directive: org.apache.velocity.runtime.directive.Foreach
2015-04-12 15:19:14,164 - Created: 20 parsers.
2015-04-12 15:19:14,180 - Velocimacro : initialization starting.
2015-04-12 15:19:14,180 - Velocimacro : adding VMs from VM library template : VM_global_library.vm
2015-04-12 15:19:14,180 - ResourceManager : unable to find resource 'VM_global_library.vm' in any resource loader.
2015-04-12 15:19:14,180 - Velocimacro : error using  VM library template VM_global_library.vm : org.apache.velocity.exception.ResourceNotFoundException: Unable to find resource 'VM_global_library.vm'
2015-04-12 15:19:14,180 - Velocimacro :  VM library template macro registration complete.
2015-04-12 15:19:14,180 - Velocimacro : allowInline = true : VMs can be defined inline in templates
2015-04-12 15:19:14,180 - Velocimacro : allowInlineToOverride = false : VMs defined inline may NOT replace previous VM definitions
2015-04-12 15:19:14,180 - Velocimacro : allowInlineLocal = false : VMs defined inline will be  global in scope if allowed.
2015-04-12 15:19:14,180 - Velocimacro : messages on  : VM system will output logging messages
2015-04-12 15:19:14,180 - Velocimacro : autoload off  : VM system will not automatically reload global library macros
2015-04-12 15:19:14,180 - Velocimacro : initialization complete.
2015-04-12 15:19:14,180 - Velocity successfully started.
